-Xajruntimetarget:1.5
-Xlint:ignore
-16
-encoding
UTF-8
-showWeaveInfo
-source
16
-target
16
-verbose
-classpath
/Users/josesaidolanogarcia/.m2/repository/org/springframework/boot/spring-boot-starter/3.4.2/spring-boot-starter-3.4.2.jar:/Users/josesaidolanogarcia/.m2/repository/org/springframework/boot/spring-boot/3.4.2/spring-boot-3.4.2.jar:/Users/josesaidolanogarcia/.m2/repository/org/springframework/spring-context/6.2.2/spring-context-6.2.2.jar:/Users/josesaidolanogarcia/.m2/repository/org/springframework/spring-aop/6.2.2/spring-aop-6.2.2.jar:/Users/josesaidolanogarcia/.m2/repository/org/springframework/spring-beans/6.2.2/spring-beans-6.2.2.jar:/Users/josesaidolanogarcia/.m2/repository/org/springframework/spring-expression/6.2.2/spring-expression-6.2.2.jar:/Users/josesaidolanogarcia/.m2/repository/io/micrometer/micrometer-observation/1.14.3/micrometer-observation-1.14.3.jar:/Users/josesaidolanogarcia/.m2/repository/io/micrometer/micrometer-commons/1.14.3/micrometer-commons-1.14.3.jar:/Users/josesaidolanogarcia/.m2/repository/org/springframework/boot/spring-boot-autoconfigure/3.4.2/spring-boot-autoconfigure-3.4.2.jar:/Users/josesaidolanogarcia/.m2/repository/org/springframework/boot/spring-boot-starter-logging/3.4.2/spring-boot-starter-logging-3.4.2.jar:/Users/josesaidolanogarcia/.m2/repository/ch/qos/logback/logback-classic/1.5.16/logback-classic-1.5.16.jar:/Users/josesaidolanogarcia/.m2/repository/ch/qos/logback/logback-core/1.5.16/logback-core-1.5.16.jar:/Users/josesaidolanogarcia/.m2/repository/org/apache/logging/log4j/log4j-to-slf4j/2.24.3/log4j-to-slf4j-2.24.3.jar:/Users/josesaidolanogarcia/.m2/repository/org/apache/logging/log4j/log4j-api/2.24.3/log4j-api-2.24.3.jar:/Users/josesaidolanogarcia/.m2/repository/org/slf4j/jul-to-slf4j/2.0.16/jul-to-slf4j-2.0.16.jar:/Users/josesaidolanogarcia/.m2/repository/jakarta/annotation/jakarta.annotation-api/2.1.1/jakarta.annotation-api-2.1.1.jar:/Users/josesaidolanogarcia/.m2/repository/org/springframework/spring-core/6.2.2/spring-core-6.2.2.jar:/Users/josesaidolanogarcia/.m2/repository/org/springframework/spring-jcl/6.2.2/spring-jcl-6.2.2.jar:/Users/josesaidolanogarcia/.m2/repository/org/yaml/snakeyaml/2.3/snakeyaml-2.3.jar:/Users/josesaidolanogarcia/.m2/repository/org/slf4j/slf4j-api/2.0.11/slf4j-api-2.0.11.jar:/Users/josesaidolanogarcia/.m2/repository/org/aspectj/aspectjrt/1.9.22.1/aspectjrt-1.9.22.1.jar:/Users/josesaidolanogarcia/.m2/repository/org/aspectj/aspectjweaver/1.9.22.1/aspectjweaver-1.9.22.1.jar:/Users/josesaidolanogarcia/.m2/repository/org/springframework/boot/spring-boot-starter-test/3.4.2/spring-boot-starter-test-3.4.2.jar:/Users/josesaidolanogarcia/.m2/repository/junit/junit/4.13.2/junit-4.13.2.jar:/Users/josesaidolanogarcia/REPOSITORIOS/TemploApps/MODULE_05/spring-aop/target/classes
-d
/Users/josesaidolanogarcia/REPOSITORIOS/TemploApps/MODULE_05/spring-aop/target/classes
-s
/Users/josesaidolanogarcia/REPOSITORIOS/TemploApps/MODULE_05/spring-aop/target/generated-sources/aspectj-maven-plugin
/Users/josesaidolanogarcia/REPOSITORIOS/TemploApps/MODULE_05/spring-aop/src/main/java/com/baeldung/ExampleAspect.java
/Users/josesaidolanogarcia/REPOSITORIOS/TemploApps/MODULE_05/spring-aop/src/main/java/com/baeldung/Application.java
/Users/josesaidolanogarcia/REPOSITORIOS/TemploApps/MODULE_05/spring-aop/src/main/java/com/baeldung/logger/AdderAfterAspect.java
/Users/josesaidolanogarcia/REPOSITORIOS/TemploApps/MODULE_05/spring-aop/src/main/java/com/baeldung/logger/AdderAfterThrowAspect.java
/Users/josesaidolanogarcia/REPOSITORIOS/TemploApps/MODULE_05/spring-aop/src/main/java/com/baeldung/logger/SampleAdder.java
/Users/josesaidolanogarcia/REPOSITORIOS/TemploApps/MODULE_05/spring-aop/src/main/java/com/baeldung/logger/AdderBeforeAspect.java
/Users/josesaidolanogarcia/REPOSITORIOS/TemploApps/MODULE_05/spring-aop/src/main/java/com/baeldung/logger/AdderAfterReturnAspect.java
/Users/josesaidolanogarcia/REPOSITORIOS/TemploApps/MODULE_05/spring-aop/src/main/java/com/baeldung/logger/AdderAroundAspect.java
/Users/josesaidolanogarcia/REPOSITORIOS/TemploApps/MODULE_05/spring-aop/src/main/java/com/baeldung/LogExecutionTime.java
/Users/josesaidolanogarcia/REPOSITORIOS/TemploApps/MODULE_05/spring-aop/src/main/java/com/baeldung/aspectj/SecuredMethod.java
/Users/josesaidolanogarcia/REPOSITORIOS/TemploApps/MODULE_05/spring-aop/src/main/java/com/baeldung/aspectj/Account.java
/Users/josesaidolanogarcia/REPOSITORIOS/TemploApps/MODULE_05/spring-aop/src/main/java/com/baeldung/aspectj/SecuredMethodAspect.java
/Users/josesaidolanogarcia/REPOSITORIOS/TemploApps/MODULE_05/spring-aop/src/main/java/com/baeldung/aspectj/AccountAspect.aj
/Users/josesaidolanogarcia/REPOSITORIOS/TemploApps/MODULE_05/spring-aop/src/main/java/com/baeldung/aspectj/Secured.java
/Users/josesaidolanogarcia/REPOSITORIOS/TemploApps/MODULE_05/spring-aop/src/main/java/com/baeldung/AlexBehavior.java
/Users/josesaidolanogarcia/REPOSITORIOS/TemploApps/MODULE_05/spring-aop/src/main/java/com/baeldung/Service.java
