-Xajruntimetarget:1.5
-Xlint:ignore
-16
-encoding
UTF-8
-source
16
-target
16
-classpath
/Users/josesaidolanogarcia/.m2/repository/junit/junit/4.12/junit-4.12.jar:/Users/josesaidolanogarcia/.m2/repository/org/hamcrest/hamcrest-core/1.3/hamcrest-core-1.3.jar:/Users/josesaidolanogarcia/.m2/repository/org/aspectj/aspectjrt/1.9.20.1/aspectjrt-1.9.20.1.jar:/Users/josesaidolanogarcia/.m2/repository/org/springframework/boot/spring-boot-starter-aop/3.2.5/spring-boot-starter-aop-3.2.5.jar:/Users/josesaidolanogarcia/.m2/repository/org/springframework/boot/spring-boot-starter/3.2.5/spring-boot-starter-3.2.5.jar:/Users/josesaidolanogarcia/.m2/repository/org/springframework/boot/spring-boot/3.2.5/spring-boot-3.2.5.jar:/Users/josesaidolanogarcia/.m2/repository/org/springframework/spring-context/6.1.6/spring-context-6.1.6.jar:/Users/josesaidolanogarcia/.m2/repository/org/springframework/spring-expression/6.1.6/spring-expression-6.1.6.jar:/Users/josesaidolanogarcia/.m2/repository/io/micrometer/micrometer-observation/1.12.5/micrometer-observation-1.12.5.jar:/Users/josesaidolanogarcia/.m2/repository/io/micrometer/micrometer-commons/1.12.5/micrometer-commons-1.12.5.jar:/Users/josesaidolanogarcia/.m2/repository/org/springframework/boot/spring-boot-autoconfigure/3.2.5/spring-boot-autoconfigure-3.2.5.jar:/Users/josesaidolanogarcia/.m2/repository/org/springframework/boot/spring-boot-starter-logging/3.2.5/spring-boot-starter-logging-3.2.5.jar:/Users/josesaidolanogarcia/.m2/repository/ch/qos/logback/logback-classic/1.4.14/logback-classic-1.4.14.jar:/Users/josesaidolanogarcia/.m2/repository/ch/qos/logback/logback-core/1.4.14/logback-core-1.4.14.jar:/Users/josesaidolanogarcia/.m2/repository/org/apache/logging/log4j/log4j-to-slf4j/2.21.1/log4j-to-slf4j-2.21.1.jar:/Users/josesaidolanogarcia/.m2/repository/org/apache/logging/log4j/log4j-api/2.21.1/log4j-api-2.21.1.jar:/Users/josesaidolanogarcia/.m2/repository/org/slf4j/jul-to-slf4j/2.0.13/jul-to-slf4j-2.0.13.jar:/Users/josesaidolanogarcia/.m2/repository/jakarta/annotation/jakarta.annotation-api/2.1.1/jakarta.annotation-api-2.1.1.jar:/Users/josesaidolanogarcia/.m2/repository/org/yaml/snakeyaml/2.2/snakeyaml-2.2.jar:/Users/josesaidolanogarcia/.m2/repository/org/springframework/spring-aop/6.1.6/spring-aop-6.1.6.jar:/Users/josesaidolanogarcia/.m2/repository/org/springframework/spring-beans/6.1.6/spring-beans-6.1.6.jar:/Users/josesaidolanogarcia/.m2/repository/org/apache/commons/commons-lang3/3.14.0/commons-lang3-3.14.0.jar:/Users/josesaidolanogarcia/.m2/repository/org/apache/commons/commons-rng-simple/1.5/commons-rng-simple-1.5.jar:/Users/josesaidolanogarcia/.m2/repository/org/apache/commons/commons-rng-client-api/1.5/commons-rng-client-api-1.5.jar:/Users/josesaidolanogarcia/.m2/repository/org/apache/commons/commons-rng-core/1.5/commons-rng-core-1.5.jar:/Users/josesaidolanogarcia/.m2/repository/org/slf4j/slf4j-api/2.0.11/slf4j-api-2.0.11.jar:/Users/josesaidolanogarcia/.m2/repository/org/springframework/spring-core/6.1.11/spring-core-6.1.11.jar:/Users/josesaidolanogarcia/.m2/repository/org/springframework/spring-jcl/6.1.11/spring-jcl-6.1.11.jar:/Users/josesaidolanogarcia/.m2/repository/org/aspectj/aspectjweaver/1.9.22.1/aspectjweaver-1.9.22.1.jar:/Users/josesaidolanogarcia/.m2/repository/org/springframework/boot/spring-boot-starter-test/3.3.2/spring-boot-starter-test-3.3.2.jar:/Users/josesaidolanogarcia/REPOSITORIOS/TemploApps/MODULE_05/spring-aop-2/target/classes
-d
/Users/josesaidolanogarcia/REPOSITORIOS/TemploApps/MODULE_05/spring-aop-2/target/classes
-s
/Users/josesaidolanogarcia/REPOSITORIOS/TemploApps/MODULE_05/spring-aop-2/target/generated-sources/aspectj-maven-plugin
/Users/josesaidolanogarcia/REPOSITORIOS/TemploApps/MODULE_05/spring-aop-2/src/main/java/com/baeldung/Application.java
/Users/josesaidolanogarcia/REPOSITORIOS/TemploApps/MODULE_05/spring-aop-2/src/main/java/com/baeldung/joinpoint/JoinPointAroundCacheAspect.java
/Users/josesaidolanogarcia/REPOSITORIOS/TemploApps/MODULE_05/spring-aop-2/src/main/java/com/baeldung/joinpoint/JoinPointAroundExceptionAspect.java
/Users/josesaidolanogarcia/REPOSITORIOS/TemploApps/MODULE_05/spring-aop-2/src/main/java/com/baeldung/joinpoint/JoinPointAfterThrowingAspect.java
/Users/josesaidolanogarcia/REPOSITORIOS/TemploApps/MODULE_05/spring-aop-2/src/main/java/com/baeldung/joinpoint/ArticleService.java
/Users/josesaidolanogarcia/REPOSITORIOS/TemploApps/MODULE_05/spring-aop-2/src/main/java/com/baeldung/joinpoint/JoinPointBeforeAspect.java
/Users/josesaidolanogarcia/REPOSITORIOS/TemploApps/MODULE_05/spring-aop-2/src/main/java/com/baeldung/aspectj/classmethodadvice/MyTracedService.java
/Users/josesaidolanogarcia/REPOSITORIOS/TemploApps/MODULE_05/spring-aop-2/src/main/java/com/baeldung/aspectj/classmethodadvice/TracingAspect.aj
/Users/josesaidolanogarcia/REPOSITORIOS/TemploApps/MODULE_05/spring-aop-2/src/main/java/com/baeldung/aspectj/classmethodadvice/MyTracedServiceConsumer.java
/Users/josesaidolanogarcia/REPOSITORIOS/TemploApps/MODULE_05/spring-aop-2/src/main/java/com/baeldung/aspectj/classmethodadvice/Trace.java
/Users/josesaidolanogarcia/REPOSITORIOS/TemploApps/MODULE_05/spring-aop-2/src/main/java/com/baeldung/springaop/unittest/ExecutionTimeAspect.java
/Users/josesaidolanogarcia/REPOSITORIOS/TemploApps/MODULE_05/spring-aop-2/src/main/java/com/baeldung/springaop/unittest/ArraySorting.java
/Users/josesaidolanogarcia/REPOSITORIOS/TemploApps/MODULE_05/spring-aop-2/src/main/java/com/baeldung/performancemonitor/PerfomanceApp.java
/Users/josesaidolanogarcia/REPOSITORIOS/TemploApps/MODULE_05/spring-aop-2/src/main/java/com/baeldung/performancemonitor/PersonService.java
/Users/josesaidolanogarcia/REPOSITORIOS/TemploApps/MODULE_05/spring-aop-2/src/main/java/com/baeldung/performancemonitor/Person.java
/Users/josesaidolanogarcia/REPOSITORIOS/TemploApps/MODULE_05/spring-aop-2/src/main/java/com/baeldung/performancemonitor/AopConfiguration.java
/Users/josesaidolanogarcia/REPOSITORIOS/TemploApps/MODULE_05/spring-aop-2/src/main/java/com/baeldung/performancemonitor/MyPerformanceMonitorInterceptor.java
/Users/josesaidolanogarcia/REPOSITORIOS/TemploApps/MODULE_05/spring-aop-2/src/main/java/com/baeldung/method/info/BankAccountService.java
/Users/josesaidolanogarcia/REPOSITORIOS/TemploApps/MODULE_05/spring-aop-2/src/main/java/com/baeldung/method/info/AccountOperation.java
/Users/josesaidolanogarcia/REPOSITORIOS/TemploApps/MODULE_05/spring-aop-2/src/main/java/com/baeldung/method/info/WithdrawLimitException.java
/Users/josesaidolanogarcia/REPOSITORIOS/TemploApps/MODULE_05/spring-aop-2/src/main/java/com/baeldung/method/info/BankAccountAspect.java
/Users/josesaidolanogarcia/REPOSITORIOS/TemploApps/MODULE_05/spring-aop-2/src/main/java/com/baeldung/method/info/Account.java
